Created by PLY version 3.11 (http://www.dabeaz.com/ply)

Grammar

Rule 0     S' -> programme
Rule 1     programme -> statement
Rule 2     programme -> statement ; programme
Rule 3     statement -> assignation
Rule 4     statement -> structure
Rule 5     statement -> PRINT expression
Rule 6     structure -> WHILE expression { programme }
Rule 7     structure -> FOR identifiant IN nombre , nombre , nombre { programme }
Rule 8     nombre -> NUMBER
Rule 9     identifiant -> IDENTIFIER
Rule 10    expression -> expression ADD_OP expression
Rule 11    expression -> expression MUL_OP expression
Rule 12    expression -> NUMBER
Rule 13    expression -> IDENTIFIER
Rule 14    expression -> ( expression )
Rule 15    expression -> ADD_OP expression
Rule 16    assignation -> IDENTIFIER = expression

Terminals, with rules where they appear

(                    : 14
)                    : 14
,                    : 7 7
;                    : 2
=                    : 16
ADD_OP               : 10 15
FOR                  : 7
IDENTIFIER           : 9 13 16
IN                   : 7
MUL_OP               : 11
NUMBER               : 8 12
PRINT                : 5
WHILE                : 6
error                : 
{                    : 6 7
}                    : 6 7

Nonterminals, with rules where they appear

assignation          : 3
expression           : 5 6 10 10 11 11 14 15 16
identifiant          : 7
nombre               : 7 7 7
programme            : 2 6 7 0
statement            : 1 2
structure            : 4

Parsing method: LALR

state 0

    (0) S' -> . programme
    (1) programme -> . statement
    (2) programme -> . statement ; programme
    (3) statement -> . assignation
    (4) statement -> . structure
    (5) statement -> . PRINT expression
    (16) assignation -> . IDENTIFIER = expression
    (6) structure -> . WHILE expression { programme }
    (7) structure -> . FOR identifiant IN nombre , nombre , nombre { programme }

    PRINT           shift and go to state 5
    IDENTIFIER      shift and go to state 6
    WHILE           shift and go to state 7
    FOR             shift and go to state 8

    programme                      shift and go to state 1
    statement                      shift and go to state 2
    assignation                    shift and go to state 3
    structure                      shift and go to state 4

state 1

    (0) S' -> programme .



state 2

    (1) programme -> statement .
    (2) programme -> statement . ; programme

    $end            reduce using rule 1 (programme -> statement .)
    }               reduce using rule 1 (programme -> statement .)
    ;               shift and go to state 9


state 3

    (3) statement -> assignation .

    ;               reduce using rule 3 (statement -> assignation .)
    $end            reduce using rule 3 (statement -> assignation .)
    }               reduce using rule 3 (statement -> assignation .)


state 4

    (4) statement -> structure .

    ;               reduce using rule 4 (statement -> structure .)
    $end            reduce using rule 4 (statement -> structure .)
    }               reduce using rule 4 (statement -> structure .)


state 5

    (5) statement -> PRINT . expression
    (10) expression -> . expression ADD_OP expression
    (11) expression -> . expression MUL_OP expression
    (12) expression -> . NUMBER
    (13) expression -> . IDENTIFIER
    (14) expression -> . ( expression )
    (15) expression -> . ADD_OP expression

    NUMBER          shift and go to state 12
    IDENTIFIER      shift and go to state 13
    (               shift and go to state 14
    ADD_OP          shift and go to state 11

    expression                     shift and go to state 10

state 6

    (16) assignation -> IDENTIFIER . = expression

    =               shift and go to state 15


state 7

    (6) structure -> WHILE . expression { programme }
    (10) expression -> . expression ADD_OP expression
    (11) expression -> . expression MUL_OP expression
    (12) expression -> . NUMBER
    (13) expression -> . IDENTIFIER
    (14) expression -> . ( expression )
    (15) expression -> . ADD_OP expression

    NUMBER          shift and go to state 12
    IDENTIFIER      shift and go to state 13
    (               shift and go to state 14
    ADD_OP          shift and go to state 11

    expression                     shift and go to state 16

state 8

    (7) structure -> FOR . identifiant IN nombre , nombre , nombre { programme }
    (9) identifiant -> . IDENTIFIER

    IDENTIFIER      shift and go to state 18

    identifiant                    shift and go to state 17

state 9

    (2) programme -> statement ; . programme
    (1) programme -> . statement
    (2) programme -> . statement ; programme
    (3) statement -> . assignation
    (4) statement -> . structure
    (5) statement -> . PRINT expression
    (16) assignation -> . IDENTIFIER = expression
    (6) structure -> . WHILE expression { programme }
    (7) structure -> . FOR identifiant IN nombre , nombre , nombre { programme }

    PRINT           shift and go to state 5
    IDENTIFIER      shift and go to state 6
    WHILE           shift and go to state 7
    FOR             shift and go to state 8

    statement                      shift and go to state 2
    programme                      shift and go to state 19
    assignation                    shift and go to state 3
    structure                      shift and go to state 4

state 10

    (5) statement -> PRINT expression .
    (10) expression -> expression . ADD_OP expression
    (11) expression -> expression . MUL_OP expression

    ;               reduce using rule 5 (statement -> PRINT expression .)
    $end            reduce using rule 5 (statement -> PRINT expression .)
    }               reduce using rule 5 (statement -> PRINT expression .)
    ADD_OP          shift and go to state 20
    MUL_OP          shift and go to state 21


state 11

    (15) expression -> ADD_OP . expression
    (10) expression -> . expression ADD_OP expression
    (11) expression -> . expression MUL_OP expression
    (12) expression -> . NUMBER
    (13) expression -> . IDENTIFIER
    (14) expression -> . ( expression )
    (15) expression -> . ADD_OP expression

    NUMBER          shift and go to state 12
    IDENTIFIER      shift and go to state 13
    (               shift and go to state 14
    ADD_OP          shift and go to state 11

    expression                     shift and go to state 22

state 12

    (12) expression -> NUMBER .

    ADD_OP          reduce using rule 12 (expression -> NUMBER .)
    MUL_OP          reduce using rule 12 (expression -> NUMBER .)
    ;               reduce using rule 12 (expression -> NUMBER .)
    $end            reduce using rule 12 (expression -> NUMBER .)
    }               reduce using rule 12 (expression -> NUMBER .)
    {               reduce using rule 12 (expression -> NUMBER .)
    )               reduce using rule 12 (expression -> NUMBER .)


state 13

    (13) expression -> IDENTIFIER .

    ADD_OP          reduce using rule 13 (expression -> IDENTIFIER .)
    MUL_OP          reduce using rule 13 (expression -> IDENTIFIER .)
    ;               reduce using rule 13 (expression -> IDENTIFIER .)
    $end            reduce using rule 13 (expression -> IDENTIFIER .)
    }               reduce using rule 13 (expression -> IDENTIFIER .)
    {               reduce using rule 13 (expression -> IDENTIFIER .)
    )               reduce using rule 13 (expression -> IDENTIFIER .)


state 14

    (14) expression -> ( . expression )
    (10) expression -> . expression ADD_OP expression
    (11) expression -> . expression MUL_OP expression
    (12) expression -> . NUMBER
    (13) expression -> . IDENTIFIER
    (14) expression -> . ( expression )
    (15) expression -> . ADD_OP expression

    NUMBER          shift and go to state 12
    IDENTIFIER      shift and go to state 13
    (               shift and go to state 14
    ADD_OP          shift and go to state 11

    expression                     shift and go to state 23

state 15

    (16) assignation -> IDENTIFIER = . expression
    (10) expression -> . expression ADD_OP expression
    (11) expression -> . expression MUL_OP expression
    (12) expression -> . NUMBER
    (13) expression -> . IDENTIFIER
    (14) expression -> . ( expression )
    (15) expression -> . ADD_OP expression

    NUMBER          shift and go to state 12
    IDENTIFIER      shift and go to state 13
    (               shift and go to state 14
    ADD_OP          shift and go to state 11

    expression                     shift and go to state 24

state 16

    (6) structure -> WHILE expression . { programme }
    (10) expression -> expression . ADD_OP expression
    (11) expression -> expression . MUL_OP expression

    {               shift and go to state 25
    ADD_OP          shift and go to state 20
    MUL_OP          shift and go to state 21


state 17

    (7) structure -> FOR identifiant . IN nombre , nombre , nombre { programme }

    IN              shift and go to state 26


state 18

    (9) identifiant -> IDENTIFIER .

    IN              reduce using rule 9 (identifiant -> IDENTIFIER .)


state 19

    (2) programme -> statement ; programme .

    $end            reduce using rule 2 (programme -> statement ; programme .)
    }               reduce using rule 2 (programme -> statement ; programme .)


state 20

    (10) expression -> expression ADD_OP . expression
    (10) expression -> . expression ADD_OP expression
    (11) expression -> . expression MUL_OP expression
    (12) expression -> . NUMBER
    (13) expression -> . IDENTIFIER
    (14) expression -> . ( expression )
    (15) expression -> . ADD_OP expression

    NUMBER          shift and go to state 12
    IDENTIFIER      shift and go to state 13
    (               shift and go to state 14
    ADD_OP          shift and go to state 11

    expression                     shift and go to state 27

state 21

    (11) expression -> expression MUL_OP . expression
    (10) expression -> . expression ADD_OP expression
    (11) expression -> . expression MUL_OP expression
    (12) expression -> . NUMBER
    (13) expression -> . IDENTIFIER
    (14) expression -> . ( expression )
    (15) expression -> . ADD_OP expression

    NUMBER          shift and go to state 12
    IDENTIFIER      shift and go to state 13
    (               shift and go to state 14
    ADD_OP          shift and go to state 11

    expression                     shift and go to state 28

state 22

    (15) expression -> ADD_OP expression .
    (10) expression -> expression . ADD_OP expression
    (11) expression -> expression . MUL_OP expression

    ADD_OP          reduce using rule 15 (expression -> ADD_OP expression .)
    MUL_OP          reduce using rule 15 (expression -> ADD_OP expression .)
    ;               reduce using rule 15 (expression -> ADD_OP expression .)
    $end            reduce using rule 15 (expression -> ADD_OP expression .)
    }               reduce using rule 15 (expression -> ADD_OP expression .)
    {               reduce using rule 15 (expression -> ADD_OP expression .)
    )               reduce using rule 15 (expression -> ADD_OP expression .)

  ! ADD_OP          [ shift and go to state 20 ]
  ! MUL_OP          [ shift and go to state 21 ]


state 23

    (14) expression -> ( expression . )
    (10) expression -> expression . ADD_OP expression
    (11) expression -> expression . MUL_OP expression

    )               shift and go to state 29
    ADD_OP          shift and go to state 20
    MUL_OP          shift and go to state 21


state 24

    (16) assignation -> IDENTIFIER = expression .
    (10) expression -> expression . ADD_OP expression
    (11) expression -> expression . MUL_OP expression

    ;               reduce using rule 16 (assignation -> IDENTIFIER = expression .)
    $end            reduce using rule 16 (assignation -> IDENTIFIER = expression .)
    }               reduce using rule 16 (assignation -> IDENTIFIER = expression .)
    ADD_OP          shift and go to state 20
    MUL_OP          shift and go to state 21


state 25

    (6) structure -> WHILE expression { . programme }
    (1) programme -> . statement
    (2) programme -> . statement ; programme
    (3) statement -> . assignation
    (4) statement -> . structure
    (5) statement -> . PRINT expression
    (16) assignation -> . IDENTIFIER = expression
    (6) structure -> . WHILE expression { programme }
    (7) structure -> . FOR identifiant IN nombre , nombre , nombre { programme }

    PRINT           shift and go to state 5
    IDENTIFIER      shift and go to state 6
    WHILE           shift and go to state 7
    FOR             shift and go to state 8

    programme                      shift and go to state 30
    statement                      shift and go to state 2
    assignation                    shift and go to state 3
    structure                      shift and go to state 4

state 26

    (7) structure -> FOR identifiant IN . nombre , nombre , nombre { programme }
    (8) nombre -> . NUMBER

    NUMBER          shift and go to state 32

    nombre                         shift and go to state 31

state 27

    (10) expression -> expression ADD_OP expression .
    (10) expression -> expression . ADD_OP expression
    (11) expression -> expression . MUL_OP expression

    ADD_OP          reduce using rule 10 (expression -> expression ADD_OP expression .)
    ;               reduce using rule 10 (expression -> expression ADD_OP expression .)
    $end            reduce using rule 10 (expression -> expression ADD_OP expression .)
    }               reduce using rule 10 (expression -> expression ADD_OP expression .)
    {               reduce using rule 10 (expression -> expression ADD_OP expression .)
    )               reduce using rule 10 (expression -> expression ADD_OP expression .)
    MUL_OP          shift and go to state 21

  ! MUL_OP          [ reduce using rule 10 (expression -> expression ADD_OP expression .) ]
  ! ADD_OP          [ shift and go to state 20 ]


state 28

    (11) expression -> expression MUL_OP expression .
    (10) expression -> expression . ADD_OP expression
    (11) expression -> expression . MUL_OP expression

    ADD_OP          reduce using rule 11 (expression -> expression MUL_OP expression .)
    MUL_OP          reduce using rule 11 (expression -> expression MUL_OP expression .)
    ;               reduce using rule 11 (expression -> expression MUL_OP expression .)
    $end            reduce using rule 11 (expression -> expression MUL_OP expression .)
    }               reduce using rule 11 (expression -> expression MUL_OP expression .)
    {               reduce using rule 11 (expression -> expression MUL_OP expression .)
    )               reduce using rule 11 (expression -> expression MUL_OP expression .)

  ! ADD_OP          [ shift and go to state 20 ]
  ! MUL_OP          [ shift and go to state 21 ]


state 29

    (14) expression -> ( expression ) .

    ADD_OP          reduce using rule 14 (expression -> ( expression ) .)
    MUL_OP          reduce using rule 14 (expression -> ( expression ) .)
    ;               reduce using rule 14 (expression -> ( expression ) .)
    $end            reduce using rule 14 (expression -> ( expression ) .)
    }               reduce using rule 14 (expression -> ( expression ) .)
    {               reduce using rule 14 (expression -> ( expression ) .)
    )               reduce using rule 14 (expression -> ( expression ) .)


state 30

    (6) structure -> WHILE expression { programme . }

    }               shift and go to state 33


state 31

    (7) structure -> FOR identifiant IN nombre . , nombre , nombre { programme }

    ,               shift and go to state 34


state 32

    (8) nombre -> NUMBER .

    ,               reduce using rule 8 (nombre -> NUMBER .)
    {               reduce using rule 8 (nombre -> NUMBER .)


state 33

    (6) structure -> WHILE expression { programme } .

    ;               reduce using rule 6 (structure -> WHILE expression { programme } .)
    $end            reduce using rule 6 (structure -> WHILE expression { programme } .)
    }               reduce using rule 6 (structure -> WHILE expression { programme } .)


state 34

    (7) structure -> FOR identifiant IN nombre , . nombre , nombre { programme }
    (8) nombre -> . NUMBER

    NUMBER          shift and go to state 32

    nombre                         shift and go to state 35

state 35

    (7) structure -> FOR identifiant IN nombre , nombre . , nombre { programme }

    ,               shift and go to state 36


state 36

    (7) structure -> FOR identifiant IN nombre , nombre , . nombre { programme }
    (8) nombre -> . NUMBER

    NUMBER          shift and go to state 32

    nombre                         shift and go to state 37

state 37

    (7) structure -> FOR identifiant IN nombre , nombre , nombre . { programme }

    {               shift and go to state 38


state 38

    (7) structure -> FOR identifiant IN nombre , nombre , nombre { . programme }
    (1) programme -> . statement
    (2) programme -> . statement ; programme
    (3) statement -> . assignation
    (4) statement -> . structure
    (5) statement -> . PRINT expression
    (16) assignation -> . IDENTIFIER = expression
    (6) structure -> . WHILE expression { programme }
    (7) structure -> . FOR identifiant IN nombre , nombre , nombre { programme }

    PRINT           shift and go to state 5
    IDENTIFIER      shift and go to state 6
    WHILE           shift and go to state 7
    FOR             shift and go to state 8

    programme                      shift and go to state 39
    statement                      shift and go to state 2
    assignation                    shift and go to state 3
    structure                      shift and go to state 4

state 39

    (7) structure -> FOR identifiant IN nombre , nombre , nombre { programme . }

    }               shift and go to state 40


state 40

    (7) structure -> FOR identifiant IN nombre , nombre , nombre { programme } .

    ;               reduce using rule 7 (structure -> FOR identifiant IN nombre , nombre , nombre { programme } .)
    $end            reduce using rule 7 (structure -> FOR identifiant IN nombre , nombre , nombre { programme } .)
    }               reduce using rule 7 (structure -> FOR identifiant IN nombre , nombre , nombre { programme } .)

